<?xml version="1.0" encoding="UTF-8"?>
<!-- Generated by org.testng.reporters.JUnitXMLReporter -->
<testsuite hostname="DESKTOP-PMRKS2H" name="Default test" tests="4" failures="0" timestamp="26 Dec 2018 16:16:00 GMT" time="0.069" errors="0">
  <testcase name="AudiA6" time="0.009" classname="com.expedia.flightsbooking.TestNG_Grouping"/>
  <testcase name="BMW3Series" time="0.004" classname="com.expedia.flightsbooking.TestNG_Grouping"/>
  <testcase name="BMWX3" time="0.004" classname="com.expedia.flightsbooking.TestNG_Grouping"/>
  <testcase name="HondaAccord" time="0.002" classname="com.expedia.flightsbooking.TestNG_Grouping"/>
</testsuite> <!-- Default test -->
