<?xml version="1.0" encoding="UTF-8" ?>
<testsuite tests="7" failures="1" name="TestSuite" time="0.257" errors="0" skipped="2">
  <properties>
[...]
</properties>
  <testcase classname="com.expedia.flightsbooking.TestNG_Grouping" name="AudiA6" time="0.013"/>
  <testcase classname="com.expedia.flightsbooking.TestNG_Grouping" name="BMW3Series" time="0.001"/>
  <testcase classname="com.expedia.flightsbooking.TestNG_Grouping" name="BMWX3" time="0"/>
  <testcase classname="com.expedia.flightsbooking.TestNG_Grouping" name="HondaAccord" time="0"/>
  <testcase classname="com.expedia.flightsbooking.TestNG_TestSuite" name="beforeClass" time="0.243">
    <failure message="Cannot find firefox binary in PATH. Make sure firefox is installed. OS appears to be: XP
Build info: version: &apos;2.46.0&apos;, revision: &apos;61506a4624b13675f24581e453592342b7485d71&apos;, time: &apos;2015-06-04 10:22:50&apos;
System info: host: &apos;DESKTOP-PMRKS2H&apos;, ip: &apos;172.20.10.6&apos;, os.name: &apos;Windows 10&apos;, os.arch: &apos;amd64&apos;, os.version: &apos;10.0&apos;, java.version: &apos;1.8.0_191&apos;
Driver info: driver.version: FirefoxDriver" type="org.openqa.selenium.WebDriverException">org.openqa.selenium.WebDriverException: Cannot find firefox binary in PATH. Make sure firefox is installed. OS appears to be: XP
Build info: version: &apos;2.46.0&apos;, revision: &apos;61506a4624b13675f24581e453592342b7485d71&apos;, time: &apos;2015-06-04 10:22:50&apos;
System info: host: &apos;DESKTOP-PMRKS2H&apos;, ip: &apos;172.20.10.6&apos;, os.name: &apos;Windows 10&apos;, os.arch: &apos;amd64&apos;, os.version: &apos;10.0&apos;, java.version: &apos;1.8.0_191&apos;
Driver info: driver.version: FirefoxDriver
	at org.openqa.selenium.firefox.internal.Executable.&lt;init&gt;(Executable.java:74)
	at org.openqa.selenium.firefox.FirefoxBinary.&lt;init&gt;(FirefoxBinary.java:60)
	at org.openqa.selenium.firefox.FirefoxBinary.&lt;init&gt;(FirefoxBinary.java:56)
	at org.openqa.selenium.firefox.FirefoxDriver.&lt;init&gt;(FirefoxDriver.java:124)
	at com.expedia.flightsbooking.TestNG_TestSuite.beforeClass(TestNG_TestSuite.java:22)
</failure>
    <system-out>This method runs after every method
This method runs after class
</system-out>
  </testcase>
  <testcase classname="com.expedia.flightsbooking.TestNG_TestSuite" name="fillBasicInfo" time="0">
    <skipped/>
  </testcase>
  <testcase classname="com.expedia.flightsbooking.TestNG_TestSuite" name="afterClass" time="0">
    <skipped/>
  </testcase>
</testsuite>