<?xml version="1.0" encoding="UTF-8"?>
<testng-results skipped="0" failed="0" total="4" passed="4">
  <reporter-output>
  </reporter-output>
  <suite name="Default suite" duration-ms="69" started-at="2018-12-26T16:16:00Z" finished-at="2018-12-26T16:16:00Z">
    <groups>
      <group name="SUV">
        <method signature="TestNG_Grouping.BMWX3()[pri:0, instance:com.expedia.flightsbooking.TestNG_Grouping@457e2f02]" name="BMWX3" class="com.expedia.flightsbooking.TestNG_Grouping"/>
      </group> <!-- SUV -->
      <group name="Audi">
        <method signature="TestNG_Grouping.AudiA6()[pri:0, instance:com.expedia.flightsbooking.TestNG_Grouping@457e2f02]" name="AudiA6" class="com.expedia.flightsbooking.TestNG_Grouping"/>
      </group> <!-- Audi -->
      <group name="BMW">
        <method signature="TestNG_Grouping.BMW3Series()[pri:0, instance:com.expedia.flightsbooking.TestNG_Grouping@457e2f02]" name="BMW3Series" class="com.expedia.flightsbooking.TestNG_Grouping"/>
        <method signature="TestNG_Grouping.BMWX3()[pri:0, instance:com.expedia.flightsbooking.TestNG_Grouping@457e2f02]" name="BMWX3" class="com.expedia.flightsbooking.TestNG_Grouping"/>
      </group> <!-- BMW -->
      <group name="Sedan">
        <method signature="TestNG_Grouping.AudiA6()[pri:0, instance:com.expedia.flightsbooking.TestNG_Grouping@457e2f02]" name="AudiA6" class="com.expedia.flightsbooking.TestNG_Grouping"/>
        <method signature="TestNG_Grouping.BMW3Series()[pri:0, instance:com.expedia.flightsbooking.TestNG_Grouping@457e2f02]" name="BMW3Series" class="com.expedia.flightsbooking.TestNG_Grouping"/>
        <method signature="TestNG_Grouping.HondaAccord()[pri:0, instance:com.expedia.flightsbooking.TestNG_Grouping@457e2f02]" name="HondaAccord" class="com.expedia.flightsbooking.TestNG_Grouping"/>
      </group> <!-- Sedan -->
      <group name="Honda">
        <method signature="TestNG_Grouping.HondaAccord()[pri:0, instance:com.expedia.flightsbooking.TestNG_Grouping@457e2f02]" name="HondaAccord" class="com.expedia.flightsbooking.TestNG_Grouping"/>
      </group> <!-- Honda -->
    </groups>
    <test name="Default test" duration-ms="69" started-at="2018-12-26T16:16:00Z" finished-at="2018-12-26T16:16:00Z">
      <class name="com.expedia.flightsbooking.TestNG_Grouping">
        <test-method status="PASS" signature="beforeClass()[pri:0, instance:com.expedia.flightsbooking.TestNG_Grouping@457e2f02]" name="beforeClass" is-config="true" duration-ms="12" started-at="2018-12-26T06:16:00Z" finished-at="2018-12-26T06:16:00Z">
          <reporter-output>
          </reporter-output>
        </test-method> <!-- beforeClass -->
        <test-method status="PASS" signature="beforeMethod()[pri:0, instance:com.expedia.flightsbooking.TestNG_Grouping@457e2f02]" name="beforeMethod" is-config="true" duration-ms="1" started-at="2018-12-26T06:16:00Z" finished-at="2018-12-26T06:16:00Z">
          <reporter-output>
          </reporter-output>
        </test-method> <!-- beforeMethod -->
        <test-method status="PASS" signature="AudiA6()[pri:0, instance:com.expedia.flightsbooking.TestNG_Grouping@457e2f02]" name="AudiA6" duration-ms="9" started-at="2018-12-26T06:16:00Z" finished-at="2018-12-26T06:16:00Z">
          <reporter-output>
          </reporter-output>
        </test-method> <!-- AudiA6 -->
        <test-method status="PASS" signature="afterMethod()[pri:0, instance:com.expedia.flightsbooking.TestNG_Grouping@457e2f02]" name="afterMethod" is-config="true" duration-ms="2" started-at="2018-12-26T06:16:00Z" finished-at="2018-12-26T06:16:00Z">
          <reporter-output>
          </reporter-output>
        </test-method> <!-- afterMethod -->
        <test-method status="PASS" signature="BMW3Series()[pri:0, instance:com.expedia.flightsbooking.TestNG_Grouping@457e2f02]" name="BMW3Series" duration-ms="4" started-at="2018-12-26T06:16:00Z" finished-at="2018-12-26T06:16:00Z">
          <reporter-output>
          </reporter-output>
        </test-method> <!-- BMW3Series -->
        <test-method status="PASS" signature="beforeMethod()[pri:0, instance:com.expedia.flightsbooking.TestNG_Grouping@457e2f02]" name="beforeMethod" is-config="true" duration-ms="0" started-at="2018-12-26T06:16:00Z" finished-at="2018-12-26T06:16:00Z">
          <reporter-output>
          </reporter-output>
        </test-method> <!-- beforeMethod -->
        <test-method status="PASS" signature="afterMethod()[pri:0, instance:com.expedia.flightsbooking.TestNG_Grouping@457e2f02]" name="afterMethod" is-config="true" duration-ms="1" started-at="2018-12-26T06:16:00Z" finished-at="2018-12-26T06:16:00Z">
          <reporter-output>
          </reporter-output>
        </test-method> <!-- afterMethod -->
        <test-method status="PASS" signature="beforeMethod()[pri:0, instance:com.expedia.flightsbooking.TestNG_Grouping@457e2f02]" name="beforeMethod" is-config="true" duration-ms="1" started-at="2018-12-26T06:16:00Z" finished-at="2018-12-26T06:16:00Z">
          <reporter-output>
          </reporter-output>
        </test-method> <!-- beforeMethod -->
        <test-method status="PASS" signature="BMWX3()[pri:0, instance:com.expedia.flightsbooking.TestNG_Grouping@457e2f02]" name="BMWX3" duration-ms="4" started-at="2018-12-26T06:16:00Z" finished-at="2018-12-26T06:16:00Z">
          <reporter-output>
          </reporter-output>
        </test-method> <!-- BMWX3 -->
        <test-method status="PASS" signature="afterMethod()[pri:0, instance:com.expedia.flightsbooking.TestNG_Grouping@457e2f02]" name="afterMethod" is-config="true" duration-ms="0" started-at="2018-12-26T06:16:00Z" finished-at="2018-12-26T06:16:00Z">
          <reporter-output>
          </reporter-output>
        </test-method> <!-- afterMethod -->
        <test-method status="PASS" signature="beforeMethod()[pri:0, instance:com.expedia.flightsbooking.TestNG_Grouping@457e2f02]" name="beforeMethod" is-config="true" duration-ms="0" started-at="2018-12-26T06:16:00Z" finished-at="2018-12-26T06:16:00Z">
          <reporter-output>
          </reporter-output>
        </test-method> <!-- beforeMethod -->
        <test-method status="PASS" signature="HondaAccord()[pri:0, instance:com.expedia.flightsbooking.TestNG_Grouping@457e2f02]" name="HondaAccord" duration-ms="2" started-at="2018-12-26T06:16:00Z" finished-at="2018-12-26T06:16:00Z">
          <reporter-output>
          </reporter-output>
        </test-method> <!-- HondaAccord -->
        <test-method status="PASS" signature="afterMethod()[pri:0, instance:com.expedia.flightsbooking.TestNG_Grouping@457e2f02]" name="afterMethod" is-config="true" duration-ms="0" started-at="2018-12-26T06:16:00Z" finished-at="2018-12-26T06:16:00Z">
          <reporter-output>
          </reporter-output>
        </test-method> <!-- afterMethod -->
        <test-method status="PASS" signature="afterClass()[pri:0, instance:com.expedia.flightsbooking.TestNG_Grouping@457e2f02]" name="afterClass" is-config="true" duration-ms="0" started-at="2018-12-26T06:16:00Z" finished-at="2018-12-26T06:16:00Z">
          <reporter-output>
          </reporter-output>
        </test-method> <!-- afterClass -->
      </class> <!-- com.expedia.flightsbooking.TestNG_Grouping -->
    </test> <!-- Default test -->
  </suite> <!-- Default suite -->
</testng-results>
